<?xml version="1.0" encoding="UTF-8" ?>
<testsuite tests="15" failures="0" name="cs345.cdecl.TestCDecl" time="0.102" errors="0" skipped="0">
  <properties>
    <property name="idea.version" value="2016.2.5"/>
    <property name="java.runtime.name" value="Java(TM) SE Runtime Environment"/>
    <property name="sun.boot.library.path" value="/Library/Java/JavaVirtualMachines/jdk1.8.0_45.jdk/Contents/Home/jre/lib"/>
    <property name="java.vm.version" value="25.45-b02"/>
    <property name="gopherProxySet" value="false"/>
    <property name="java.vm.vendor" value="Oracle Corporation"/>
    <property name="java.vendor.url" value="http://java.oracle.com/"/>
    <property name="path.separator" value=":"/>
    <property name="guice.disable.misplaced.annotation.check" value="true"/>
    <property name="java.vm.name" value="Java HotSpot(TM) 64-Bit Server VM"/>
    <property name="file.encoding.pkg" value="sun.io"/>
    <property name="idea.launcher.port" value="7533"/>
    <property name="user.country" value="CN"/>
    <property name="sun.java.launcher" value="SUN_STANDARD"/>
    <property name="sun.os.patch.level" value="unknown"/>
    <property name="java.vm.specification.name" value="Java Virtual Machine Specification"/>
    <property name="user.dir" value="/Users/abnerzheng/Github/cs652/parrt-cdecl"/>
    <property name="java.runtime.version" value="1.8.0_45-b14"/>
    <property name="java.awt.graphicsenv" value="sun.awt.CGraphicsEnvironment"/>
    <property name="java.endorsed.dirs" value="/Library/Java/JavaVirtualMachines/jdk1.8.0_45.jdk/Contents/Home/jre/lib/endorsed"/>
    <property name="os.arch" value="x86_64"/>
    <property name="java.io.tmpdir" value="/var/folders/xb/r382y0qj4gdbhrphz0bpf0n00000gn/T/"/>
    <property name="line.separator" value="
"/>
    <property name="java.vm.specification.vendor" value="Oracle Corporation"/>
    <property name="os.name" value="Mac OS X"/>
    <property name="classworlds.conf" value="/Applications/IntelliJ IDEA.app/Contents/plugins/maven/lib/maven3/bin/m2.conf"/>
    <property name="sun.jnu.encoding" value="UTF-8"/>
    <property name="java.library.path" value="/Users/abnerzheng/Library/Java/Extensions:/Library/Java/Extensions:/Network/Library/Java/Extensions:/System/Library/Java/Extensions:/usr/lib/java:."/>
    <property name="java.specification.name" value="Java Platform API Specification"/>
    <property name="java.class.version" value="52.0"/>
    <property name="sun.management.compiler" value="HotSpot 64-Bit Tiered Compilers"/>
    <property name="os.version" value="10.12.1"/>
    <property name="user.home" value="/Users/abnerzheng"/>
    <property name="user.timezone" value="Asia/Shanghai"/>
    <property name="java.awt.printerjob" value="sun.lwawt.macosx.CPrinterJob"/>
    <property name="java.specification.version" value="1.8"/>
    <property name="idea.launcher.bin.path" value="/Applications/IntelliJ IDEA.app/Contents/bin"/>
    <property name="file.encoding" value="GB2312"/>
    <property name="user.name" value="abnerzheng"/>
    <property name="java.class.path" value="/Applications/IntelliJ IDEA.app/Contents/plugins/maven/lib/maven3/boot/plexus-classworlds-2.4.jar:/Applications/IntelliJ IDEA.app/Contents/lib/idea_rt.jar"/>
    <property name="java.vm.specification.version" value="1.8"/>
    <property name="sun.arch.data.model" value="64"/>
    <property name="java.home" value="/Library/Java/JavaVirtualMachines/jdk1.8.0_45.jdk/Contents/Home/jre"/>
    <property name="sun.java.command" value="com.intellij.rt.execution.application.AppMain org.codehaus.classworlds.Launcher -Didea.version=2016.2.5 test"/>
    <property name="java.specification.vendor" value="Oracle Corporation"/>
    <property name="user.language" value="zh"/>
    <property name="awt.toolkit" value="sun.lwawt.macosx.LWCToolkit"/>
    <property name="java.vm.info" value="mixed mode"/>
    <property name="java.version" value="1.8.0_45"/>
    <property name="java.ext.dirs" value="/Users/abnerzheng/Library/Java/Extensions:/Library/Java/JavaVirtualMachines/jdk1.8.0_45.jdk/Contents/Home/jre/lib/ext:/Library/Java/Extensions:/Network/Library/Java/Extensions:/System/Library/Java/Extensions:/usr/lib/java"/>
    <property name="sun.boot.class.path" value="/Library/Java/JavaVirtualMachines/jdk1.8.0_45.jdk/Contents/Home/jre/lib/resources.jar:/Library/Java/JavaVirtualMachines/jdk1.8.0_45.jdk/Contents/Home/jre/lib/rt.jar:/Library/Java/JavaVirtualMachines/jdk1.8.0_45.jdk/Contents/Home/jre/lib/sunrsasign.jar:/Library/Java/JavaVirtualMachines/jdk1.8.0_45.jdk/Contents/Home/jre/lib/jsse.jar:/Library/Java/JavaVirtualMachines/jdk1.8.0_45.jdk/Contents/Home/jre/lib/jce.jar:/Library/Java/JavaVirtualMachines/jdk1.8.0_45.jdk/Contents/Home/jre/lib/charsets.jar:/Library/Java/JavaVirtualMachines/jdk1.8.0_45.jdk/Contents/Home/jre/lib/jfr.jar:/Library/Java/JavaVirtualMachines/jdk1.8.0_45.jdk/Contents/Home/jre/classes"/>
    <property name="java.vendor" value="Oracle Corporation"/>
    <property name="maven.home" value="/Applications/IntelliJ IDEA.app/Contents/plugins/maven/lib/maven3"/>
    <property name="file.separator" value="/"/>
    <property name="java.vendor.url.bug" value="http://bugreport.sun.com/bugreport/"/>
    <property name="sun.cpu.endian" value="little"/>
    <property name="sun.io.unicode.encoding" value="UnicodeBig"/>
    <property name="sun.cpu.isalist" value=""/>
  </properties>
  <testcase classname="cs345.cdecl.TestCDecl" name="test[0: int i; =&gt; i is a int]" time="0.093"/>
  <testcase classname="cs345.cdecl.TestCDecl" name="test[1: float f; =&gt; f is a float]" time="0"/>
  <testcase classname="cs345.cdecl.TestCDecl" name="test[2: int *p; =&gt; p is a pointer to int]" time="0.001"/>
  <testcase classname="cs345.cdecl.TestCDecl" name="test[3: int **p; =&gt; p is a pointer to pointer to int]" time="0"/>
  <testcase classname="cs345.cdecl.TestCDecl" name="test[4: int a[]; =&gt; a is a array of int]" time="0"/>
  <testcase classname="cs345.cdecl.TestCDecl" name="test[5: int *a[]; =&gt; a is a array of pointer to int]" time="0"/>
  <testcase classname="cs345.cdecl.TestCDecl" name="test[6: int (*a)[]; =&gt; a is a pointer to array of int]" time="0"/>
  <testcase classname="cs345.cdecl.TestCDecl" name="test[7: int *(*a)[]; =&gt; a is a pointer to array of pointer to int]" time="0"/>
  <testcase classname="cs345.cdecl.TestCDecl" name="test[8: int **a[]; =&gt; a is a array of pointer to pointer to int]" time="0.002"/>
  <testcase classname="cs345.cdecl.TestCDecl" name="test[9: int f(); =&gt; f is a function returning int]" time="0"/>
  <testcase classname="cs345.cdecl.TestCDecl" name="test[10: void f(); =&gt; f is a function returning nothing]" time="0.001"/>
  <testcase classname="cs345.cdecl.TestCDecl" name="test[11: float f(); =&gt; f is a function returning float]" time="0.005"/>
  <testcase classname="cs345.cdecl.TestCDecl" name="test[12: int (*f)(); =&gt; f is a pointer to function returning int]" time="0"/>
  <testcase classname="cs345.cdecl.TestCDecl" name="test[13: int *(*f[])(); =&gt; f is a array of pointer to function returning pointer to int]" time="0"/>
  <testcase classname="cs345.cdecl.TestCDecl" name="test[14: int *f(); =&gt; f is a function returning pointer to int]" time="0"/>
</testsuite>